[debug] [2022-10-05T08:06:52.639Z] ----------------------------------------------------------------------
[debug] [2022-10-05T08:06:52.642Z] Command:       C:\Program Files\nodejs\node.exe C:\Users\ARUNKUMARHARI\AppData\Roaming\npm\node_modules\firebase-tools\lib\bin\firebase.js init
[debug] [2022-10-05T08:06:52.643Z] CLI Version:   11.13.0
[debug] [2022-10-05T08:06:52.643Z] Platform:      win32
[debug] [2022-10-05T08:06:52.643Z] Node Version:  v16.17.0
[debug] [2022-10-05T08:06:52.646Z] Time:          Wed Oct 05 2022 13:36:52 GMT+0530 (India Standard Time)
[debug] [2022-10-05T08:06:52.646Z] ----------------------------------------------------------------------
[debug] 
[debug] [2022-10-05T08:06:52.652Z] >>> [apiv2][query] GET https://firebase-public.firebaseio.com/cli.json [none]
[debug] [2022-10-05T08:06:52.690Z] > command requires scopes: ["email","openid","https://www.googleapis.com/auth/cloudplatformprojects.readonly","https://www.googleapis.com/auth/firebase","https://www.googleapis.com/auth/cloud-platform"]
[debug] [2022-10-05T08:06:52.691Z] > authorizing via signed-in user (arunkumarhari22@gmail.com)
[info] 
     ######## #### ########  ######## ########     ###     ######  ########
     ##        ##  ##     ## ##       ##     ##  ##   ##  ##       ##
     ######    ##  ########  ######   ########  #########  ######  ######
     ##        ##  ##    ##  ##       ##     ## ##     ##       ## ##
     ##       #### ##     ## ######## ########  ##     ##  ######  ########

You're about to initialize a Firebase project in this directory:

  I:\ONLINE MEDICINE ORDERING SYSTEM

[debug] [2022-10-05T08:06:53.700Z] <<< [apiv2][status] GET https://firebase-public.firebaseio.com/cli.json 200
[debug] [2022-10-05T08:06:53.700Z] <<< [apiv2][body] GET https://firebase-public.firebaseio.com/cli.json {"cloudBuildErrorAfter":1594252800000,"cloudBuildWarnAfter":1590019200000,"defaultNode10After":1594252800000,"minVersion":"3.0.5","node8DeploysDisabledAfter":1613390400000,"node8RuntimeDisabledAfter":1615809600000,"node8WarnAfter":1600128000000}
[info] 
=== Project Setup
[info] 
[info] First, let's associate this project directory with a Firebase project.
[info] You can create multiple project aliases by running firebase use --add, 
[info] but for now we'll just set up a default project.
[info] 
[debug] [2022-10-05T08:07:02.062Z] > refreshing access token with scopes: []
[debug] [2022-10-05T08:07:02.065Z] >>> [apiv2][query] POST https://www.googleapis.com/oauth2/v3/token [none]
[debug] [2022-10-05T08:07:02.065Z] >>> [apiv2][body] POST https://www.googleapis.com/oauth2/v3/token [omitted]
[debug] [2022-10-05T08:07:02.736Z] <<< [apiv2][status] POST https://www.googleapis.com/oauth2/v3/token 200
[debug] [2022-10-05T08:07:02.736Z] <<< [apiv2][body] POST https://www.googleapis.com/oauth2/v3/token [omitted]
[debug] [2022-10-05T08:07:02.787Z] >>> [apiv2][query] GET https://firebase.googleapis.com/v1beta1/projects pageSize=100
[debug] [2022-10-05T08:07:03.755Z] <<< [apiv2][status] GET https://firebase.googleapis.com/v1beta1/projects 200
[debug] [2022-10-05T08:07:03.755Z] <<< [apiv2][body] GET https://firebase.googleapis.com/v1beta1/projects [omitted]
[info] i  Using project arunkumar-online-medicine (ARUNKUMAR-ONLINE-MEDICINE) 
[info] 
=== Hosting Setup
[info] 
[info] Your public directory is the folder (relative to your project directory) that
[info] will contain Hosting assets to be uploaded with firebase deploy. If you
[info] have a build process for your assets, use your build's output directory.
[info] 
[debug] [2022-10-05T08:07:20.458Z] >>> [apiv2][query] GET https://www.gstatic.com/firebasejs/releases.json [none]
[debug] [2022-10-05T08:07:20.976Z] <<< [apiv2][status] GET https://www.gstatic.com/firebasejs/releases.json 200
[debug] [2022-10-05T08:07:20.977Z] <<< [apiv2][body] GET https://www.gstatic.com/firebasejs/releases.json {"current":{"version":"9.10.0","browserURL":"https://www.gstatic.com/firebasejs/9.10.0/firebase.js","packageURL":"https://www.gstatic.com/firebasejs/9.10.0/firebase.tgz"},"live":{"version":"9.10","browserURL":"https://www.gstatic.com/firebasejs/live/9.10/firebase.js","packageURL":"https://www.gstatic.com/firebasejs/live/9.10/firebase.tgz"},"components":{"analytics":"https://www.gstatic.com/firebasejs/9.10.0/firebase-analytics.js","app":"https://www.gstatic.com/firebasejs/9.10.0/firebase-app.js","app-check":"https://www.gstatic.com/firebasejs/9.10.0/firebase-app-check.js","auth":"https://www.gstatic.com/firebasejs/9.10.0/firebase-auth.js","auth/cordova":"https://www.gstatic.com/firebasejs/9.10.0/firebase-auth/cordova.js","auth/react-native":"https://www.gstatic.com/firebasejs/9.10.0/firebase-auth/react-native.js","functions":"https://www.gstatic.com/firebasejs/9.10.0/firebase-functions.js","firestore":"https://www.gstatic.com/firebasejs/9.10.0/firebase-firestore.js","firestore/lite":"https://www.gstatic.com/firebasejs/9.10.0/firebase-firestore/lite.js","installations":"https://www.gstatic.com/firebasejs/9.10.0/firebase-installations.js","storage":"https://www.gstatic.com/firebasejs/9.10.0/firebase-storage.js","performance":"https://www.gstatic.com/firebasejs/9.10.0/firebase-performance.js","remote-config":"https://www.gstatic.com/firebasejs/9.10.0/firebase-remote-config.js","messaging":"https://www.gstatic.com/firebasejs/9.10.0/firebase-messaging.js","messaging/sw":"https://www.gstatic.com/firebasejs/9.10.0/firebase-messaging/sw.js","database":"https://www.gstatic.com/firebasejs/9.10.0/firebase-database.js","firestore.memory":"https://www.gstatic.com/firebasejs/9.10.0/firebase-firestore.memory.js"}}
[info] +  Wrote public/index.html 
[info] 
[info] i  Didn't detect a .git folder. Assuming I:\ONLINE MEDICINE ORDERING SYSTEM is the project root. 
[info] i  Authorizing with GitHub to upload your service account to a GitHub repository's secrets store. 
[info] 
[info] Visit this URL on this device to log in:
[info] https://github.com/login/oauth/authorize?client_id=89cf50f02ac6aaed3484&state=823962483&redirect_uri=http%3A%2F%2Flocalhost%3A9005&scope=read%3Auser%20repo%20public_repo
[info] 
[info] Waiting for authentication...
[debug] [2022-10-05T08:07:23.394Z] >>> [apiv2][query] POST https://github.com/login/oauth/access_token [none]
[debug] [2022-10-05T08:07:23.394Z] >>> [apiv2][body] POST https://github.com/login/oauth/access_token [stream]
[debug] [2022-10-05T08:07:24.135Z] <<< [apiv2][status] POST https://github.com/login/oauth/access_token 200
[debug] [2022-10-05T08:07:24.136Z] <<< [apiv2][body] POST https://github.com/login/oauth/access_token {"access_token":"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","token_type":"bearer","scope":"read:user,repo"}
[debug] [2022-10-05T08:07:24.218Z] >>> [apiv2][query] GET https://api.github.com/user [none]
[debug] [2022-10-05T08:07:25.165Z] <<< [apiv2][status] GET https://api.github.com/user 200
[debug] [2022-10-05T08:07:25.166Z] <<< [apiv2][body] GET https://api.github.com/user {"login":"harshavardhinee","id":69415272,"node_id":"MDQ6VXNlcjY5NDE1Mjcy","avatar_url":"https://avatars.githubusercontent.com/u/69415272?v=4","gravatar_id":"","url":"https://api.github.com/users/harshavardhinee","html_url":"https://github.com/harshavardhinee","followers_url":"https://api.github.com/users/harshavardhinee/followers","following_url":"https://api.github.com/users/harshavardhinee/following{/other_user}","gists_url":"https://api.github.com/users/harshavardhinee/gists{/gist_id}","starred_url":"https://api.github.com/users/harshavardhinee/starred{/owner}{/repo}","subscriptions_url":"https://api.github.com/users/harshavardhinee/subscriptions","organizations_url":"https://api.github.com/users/harshavardhinee/orgs","repos_url":"https://api.github.com/users/harshavardhinee/repos","events_url":"https://api.github.com/users/harshavardhinee/events{/privacy}","received_events_url":"https://api.github.com/users/harshavardhinee/received_events","type":"User","site_admin":false,"name":"HARSHAVARDHINEE.P","company":"SONA COLLEGE OF TECHNOLOGY","blog":"","location":null,"email":null,"hireable":null,"bio":null,"twitter_username":null,"public_repos":20,"public_gists":0,"followers":3,"following":0,"created_at":"2020-08-09T07:36:34Z","updated_at":"2022-10-04T15:05:44Z","private_gists":0,"total_private_repos":0,"owned_private_repos":0,"disk_usage":1926,"collaborators":0,"two_factor_authentication":false,"plan":{"name":"free","space":976562499,"collaborators":0,"private_repos":10000}}
[info] 
[info] +  Success! Logged into GitHub as harshavardhinee 
[info] 
